<?xml version="1.0" encoding="UTF-8"?>
<testng-results ignored="0" total="2" passed="2" failed="0" skipped="0">
  <reporter-output>
  </reporter-output>
  <suite started-at="2024-01-12T11:21:34 IST" name="Suite" finished-at="2024-01-12T11:22:44 IST" duration-ms="69485">
    <groups>
      <group name="cucumber">
        <method signature="AbstractTestNGCucumberTests.runScenario(io.cucumber.testng.PickleWrapper,io.cucumber.testng.FeatureWrapper)[pri:0, instance:com.Cermati.testRunner.TestNG_TestRunner@7dc0f706]" name="runScenario" class="io.cucumber.testng.AbstractTestNGCucumberTests"/>
      </group> <!-- cucumber -->
    </groups>
    <test started-at="2024-01-12T11:21:34 IST" name="Test" finished-at="2024-01-12T11:22:44 IST" duration-ms="69485">
      <class name="com.Cermati.testRunner.TestNG_TestRunner">
        <test-method is-config="true" signature="setUpClass(org.testng.ITestContext)[pri:0, instance:com.Cermati.testRunner.TestNG_TestRunner@7dc0f706]" started-at="2024-01-12T11:21:34 IST" name="setUpClass" finished-at="2024-01-12T11:21:35 IST" duration-ms="794" status="PASS">
          <params>
            <param index="0">
              <value>
                <![CDATA[org.testng.TestRunner@649b5891]]>
              </value>
            </param>
          </params>
          <reporter-output>
          </reporter-output>
        </test-method> <!-- setUpClass -->
        <test-method signature="runScenario(io.cucumber.testng.PickleWrapper,io.cucumber.testng.FeatureWrapper)[pri:0, instance:com.Cermati.testRunner.TestNG_TestRunner@7dc0f706]" started-at="2024-01-12T11:21:35 IST" name="runScenario" description="Runs Cucumber Scenarios" data-provider="scenarios" finished-at="2024-01-12T11:22:29 IST" duration-ms="53619" status="PASS">
          <params>
            <param index="0">
              <value>
                <![CDATA["Accessing Cell Phones & Accessories with Applied Filters"]]>
              </value>
            </param>
            <param index="1">
              <value>
                <![CDATA["Verify Product Search Functionality with Multiple Options"]]>
              </value>
            </param>
          </params>
          <reporter-output>
          </reporter-output>
        </test-method> <!-- runScenario -->
        <test-method signature="runScenario(io.cucumber.testng.PickleWrapper,io.cucumber.testng.FeatureWrapper)[pri:0, instance:com.Cermati.testRunner.TestNG_TestRunner@7dc0f706]" started-at="2024-01-12T11:22:29 IST" name="runScenario" description="Runs Cucumber Scenarios" data-provider="scenarios" finished-at="2024-01-12T11:22:43 IST" duration-ms="14591" status="PASS">
          <params>
            <param index="0">
              <value>
                <![CDATA["Searching for a Product and Verifying the First Result"]]>
              </value>
            </param>
            <param index="1">
              <value>
                <![CDATA["Verify Product Search Functionality with Multiple Options"]]>
              </value>
            </param>
          </params>
          <reporter-output>
          </reporter-output>
        </test-method> <!-- runScenario -->
        <test-method is-config="true" signature="tearDownClass()[pri:0, instance:com.Cermati.testRunner.TestNG_TestRunner@7dc0f706]" started-at="2024-01-12T11:22:43 IST" name="tearDownClass" finished-at="2024-01-12T11:22:44 IST" duration-ms="428" status="PASS">
          <reporter-output>
          </reporter-output>
        </test-method> <!-- tearDownClass -->
      </class> <!-- com.Cermati.testRunner.TestNG_TestRunner -->
    </test> <!-- Test -->
  </suite> <!-- Suite -->
</testng-results>
